{"numFailedTestSuites":1,"numFailedTests":1,"numPassedTestSuites":0,"numPassedTests":2,"numPendingTestSuites":0,"numPendingTests":0,"numRuntimeErrorTestSuites":0,"numTodoTests":0,"numTotalTestSuites":1,"numTotalTests":3,"openHandles":[],"snapshot":{"added":0,"didUpdate":false,"failure":false,"filesAdded":0,"filesRemoved":0,"filesRemovedList":[],"filesUnmatched":0,"filesUpdated":0,"matched":0,"total":0,"unchecked":0,"uncheckedKeysByFile":[],"unmatched":0,"updated":0},"startTime":1768777697943,"success":false,"testResults":[{"assertionResults":[{"ancestorTitles":["My Neurons Core Engine"],"duration":13,"failing":false,"failureDetails":[{"matcherResult":{"message":"\u001b[2mexpect(\u001b[22m\u001b[31mreceived\u001b[39m\u001b[2m).\u001b[22mtoContain\u001b[2m(\u001b[22m\u001b[32mexpected\u001b[39m\u001b[2m) // indexOf\u001b[22m\n\nExpected substring: \u001b[32m\"href=\\\"/notes/language-game\\\"\"\u001b[39m\nReceived string:    \u001b[31m\"<h1 id=\\\"ludwig-wittgenstein\\\">Ludwig Wittgenstein</h1>\u001b[39m\n\u001b[31m<p>He is a famous philosopher who introduced the concept of [[Language Game|Language Game]].\u001b[39m\n\u001b[31mHis work influenced many areas.\u001b[39m\n\u001b[31mHe might also talk about <a href=\\\"/notes/context\\\">コンテキスト</a> (<a href=\\\"/notes/context\\\">Context</a>).</p>\u001b[39m\n\u001b[31m\"\u001b[39m","pass":false}}],"failureMessages":["Error: \u001b[2mexpect(\u001b[22m\u001b[31mreceived\u001b[39m\u001b[2m).\u001b[22mtoContain\u001b[2m(\u001b[22m\u001b[32mexpected\u001b[39m\u001b[2m) // indexOf\u001b[22m\n\nExpected substring: \u001b[32m\"href=\\\"/notes/language-game\\\"\"\u001b[39m\nReceived string:    \u001b[31m\"<h1 id=\\\"ludwig-wittgenstein\\\">Ludwig Wittgenstein</h1>\u001b[39m\n\u001b[31m<p>He is a famous philosopher who introduced the concept of [[Language Game|Language Game]].\u001b[39m\n\u001b[31mHis work influenced many areas.\u001b[39m\n\u001b[31mHe might also talk about <a href=\\\"/notes/context\\\">コンテキスト</a> (<a href=\\\"/notes/context\\\">Context</a>).</p>\u001b[39m\n\u001b[31m\"\u001b[39m\n    at Object.toContain (C:\\Users\\Yuto\\Desktop\\app\\EGO_SYSTEM_FILES\\apps\\AI_LAB\\my_neurons\\__tests__\\linker.test.ts:30:25)"],"fullName":"My Neurons Core Engine Feature 1: Dynamic Auto-Linking","invocations":1,"location":null,"numPassingAsserts":0,"retryReasons":[],"startAt":1768777699727,"status":"failed","title":"Feature 1: Dynamic Auto-Linking"},{"ancestorTitles":["My Neurons Core Engine"],"duration":2,"failing":false,"failureDetails":[],"failureMessages":[],"fullName":"My Neurons Core Engine Feature 2: The Vibe Hop","invocations":1,"location":null,"numPassingAsserts":2,"retryReasons":[],"startAt":1768777699748,"status":"passed","title":"Feature 2: The Vibe Hop"},{"ancestorTitles":["My Neurons Core Engine"],"duration":1,"failing":false,"failureDetails":[],"failureMessages":[],"fullName":"My Neurons Core Engine Feature 3: Quick Capture (Logic)","invocations":1,"location":null,"numPassingAsserts":2,"retryReasons":[],"startAt":1768777699751,"status":"passed","title":"Feature 3: Quick Capture (Logic)"}],"endTime":1768777699767,"message":"\u001b[1m\u001b[31m  \u001b[1m● \u001b[22m\u001b[1mMy Neurons Core Engine › Feature 1: Dynamic Auto-Linking\u001b[39m\u001b[22m\n\n    \u001b[2mexpect(\u001b[22m\u001b[31mreceived\u001b[39m\u001b[2m).\u001b[22mtoContain\u001b[2m(\u001b[22m\u001b[32mexpected\u001b[39m\u001b[2m) // indexOf\u001b[22m\n\n    Expected substring: \u001b[32m\"href=\\\"/notes/language-game\\\"\"\u001b[39m\n    Received string:    \u001b[31m\"<h1 id=\\\"ludwig-wittgenstein\\\">Ludwig Wittgenstein</h1>\u001b[39m\n    \u001b[31m<p>He is a famous philosopher who introduced the concept of [[Language Game|Language Game]].\u001b[39m\n    \u001b[31mHis work influenced many areas.\u001b[39m\n    \u001b[31mHe might also talk about <a href=\\\"/notes/context\\\">コンテキスト</a> (<a href=\\\"/notes/context\\\">Context</a>).</p>\u001b[39m\n    \u001b[31m\"\u001b[39m\n\u001b[2m\u001b[22m\n\u001b[2m    \u001b[0m \u001b[90m 28 |\u001b[39m\u001b[22m\n\u001b[2m     \u001b[90m 29 |\u001b[39m         \u001b[90m// The link format should be standard HTML <a> or markdown link, but processed to HTML usually\u001b[39m\u001b[22m\n\u001b[2m    \u001b[31m\u001b[1m>\u001b[22m\u001b[2m\u001b[39m\u001b[90m 30 |\u001b[39m         expect(content)\u001b[33m.\u001b[39mtoContain(\u001b[32m'href=\"/notes/language-game\"'\u001b[39m)\u001b[33m;\u001b[39m\u001b[22m\n\u001b[2m     \u001b[90m    |\u001b[39m                         \u001b[31m\u001b[1m^\u001b[22m\u001b[2m\u001b[39m\u001b[22m\n\u001b[2m     \u001b[90m 31 |\u001b[39m\u001b[22m\n\u001b[2m     \u001b[90m 32 |\u001b[39m         \u001b[90m// Check for Context link (English alias matching Japanese Title or vice versa)\u001b[39m\u001b[22m\n\u001b[2m     \u001b[90m 33 |\u001b[39m         \u001b[90m// \"コンテキスト\" should link to \"context.md\" (slug: context)\u001b[39m\u001b[0m\u001b[22m\n\u001b[2m\u001b[22m\n\u001b[2m      \u001b[2mat Object.toContain (\u001b[22m\u001b[2m\u001b[0m\u001b[36m__tests__/linker.test.ts\u001b[39m\u001b[0m\u001b[2m:30:25)\u001b[22m\u001b[2m\u001b[22m\n","name":"C:\\Users\\Yuto\\Desktop\\app\\EGO_SYSTEM_FILES\\apps\\AI_LAB\\my_neurons\\__tests__\\linker.test.ts","startTime":1768777699073,"status":"failed","summary":""}],"wasInterrupted":false}
